marker ambiguity resolved at line=5 raw='(c)' matched=[paren_alpha,paren_roman] chosen=paren_alpha/paragraph parent=section/subpta.sec211_1 alpha_last=b roman_last=None diff=1 gap=None score=95
marker ambiguity resolved at line=12 raw='(c)' matched=[paren_alpha,paren_roman] chosen=paren_alpha/paragraph parent=section/subptb.sec211_22 alpha_last=b roman_last=None diff=1 gap=None score=95
marker ambiguity resolved at line=13 raw='(d)' matched=[paren_alpha,paren_roman] chosen=paren_alpha/paragraph parent=section/subptb.sec211_22 alpha_last=c roman_last=None diff=1 gap=None score=95
marker ambiguity resolved at line=17 raw='(c)' matched=[paren_alpha,paren_roman] chosen=paren_alpha/paragraph parent=section/subptb.sec211_25 alpha_last=b roman_last=None diff=1 gap=None score=95
marker ambiguity resolved at line=21 raw='(c)' matched=[paren_alpha,paren_roman] chosen=paren_alpha/paragraph parent=section/subptb.sec211_28 alpha_last=b roman_last=None diff=1 gap=None score=95
marker ambiguity resolved at line=22 raw='(d)' matched=[paren_alpha,paren_roman] chosen=paren_alpha/paragraph parent=section/subptb.sec211_28 alpha_last=c roman_last=None diff=1 gap=None score=95
marker ambiguity resolved at line=29 raw='(c)' matched=[paren_alpha,paren_roman] chosen=paren_alpha/paragraph parent=section/subptc.sec211_42 alpha_last=b roman_last=None diff=1 gap=None score=95
marker ambiguity resolved at line=40 raw='(i)' matched=[paren_alpha,paren_roman] chosen=paren_roman/subitem parent=item/subptc.sec211_42.pc.i10 alpha_last=None roman_last=None diff=None gap=None score=0
marker ambiguity resolved at line=44 raw='(v)' matched=[paren_alpha,paren_roman] chosen=paren_roman/subitem parent=item/subptc.sec211_42.pc.i10 alpha_last=None roman_last=iv diff=1 gap=None score=95
marker ambiguity resolved at line=46 raw='(d)' matched=[paren_alpha,paren_roman] chosen=paren_alpha/paragraph parent=section/subptc.sec211_42 alpha_last=c roman_last=None diff=1 gap=None score=85
marker ambiguity resolved at line=52 raw='(c)' matched=[paren_alpha,paren_roman] chosen=paren_alpha/paragraph parent=section/subptc.sec211_46 alpha_last=b roman_last=None diff=1 gap=None score=95
marker ambiguity resolved at line=53 raw='(d)' matched=[paren_alpha,paren_roman] chosen=paren_alpha/paragraph parent=section/subptc.sec211_46 alpha_last=c roman_last=None diff=1 gap=None score=95
marker ambiguity resolved at line=64 raw='(c)' matched=[paren_alpha,paren_roman] chosen=paren_alpha/paragraph parent=section/subptc.sec211_56 alpha_last=b roman_last=None diff=1 gap=None score=95
marker ambiguity resolved at line=65 raw='(d)' matched=[paren_alpha,paren_roman] chosen=paren_alpha/paragraph parent=section/subptc.sec211_56 alpha_last=c roman_last=None diff=1 gap=None score=95
marker ambiguity resolved at line=83 raw='(c)' matched=[paren_alpha,paren_roman] chosen=paren_alpha/paragraph parent=section/subptd.sec211_67 alpha_last=b roman_last=None diff=1 gap=None score=90
marker ambiguity resolved at line=87 raw='(c)' matched=[paren_alpha,paren_roman] chosen=paren_alpha/paragraph parent=section/subptd.sec211_68 alpha_last=b roman_last=None diff=1 gap=None score=95
marker ambiguity resolved at line=94 raw='(c)' matched=[paren_alpha,paren_roman] chosen=paren_alpha/paragraph parent=section/subpte.sec211_80 alpha_last=b roman_last=None diff=1 gap=None score=95
marker ambiguity resolved at line=95 raw='(d)' matched=[paren_alpha,paren_roman] chosen=paren_alpha/paragraph parent=section/subpte.sec211_80 alpha_last=c roman_last=None diff=1 gap=None score=95
marker ambiguity resolved at line=102 raw='(c)' matched=[paren_alpha,paren_roman] chosen=paren_alpha/paragraph parent=section/subpte.sec211_84 alpha_last=b roman_last=None diff=1 gap=None score=95
marker ambiguity resolved at line=109 raw='(d)' matched=[paren_alpha,paren_roman] chosen=paren_alpha/paragraph parent=section/subpte.sec211_84 alpha_last=c roman_last=None diff=1 gap=None score=90
marker ambiguity resolved at line=126 raw='(c)' matched=[paren_alpha,paren_roman] chosen=paren_alpha/paragraph parent=section/subpte.sec211_94 alpha_last=b roman_last=None diff=1 gap=None score=95
marker ambiguity resolved at line=127 raw='(d)' matched=[paren_alpha,paren_roman] chosen=paren_alpha/paragraph parent=section/subpte.sec211_94 alpha_last=c roman_last=None diff=1 gap=None score=95
marker ambiguity resolved at line=142 raw='(c)' matched=[paren_alpha,paren_roman] chosen=paren_alpha/paragraph parent=section/subptf.sec211_101 alpha_last=b roman_last=None diff=1 gap=None score=90
marker ambiguity resolved at line=146 raw='(d)' matched=[paren_alpha,paren_roman] chosen=paren_alpha/paragraph parent=section/subptf.sec211_101 alpha_last=c roman_last=None diff=1 gap=None score=90
marker ambiguity resolved at line=161 raw='(c)' matched=[paren_alpha,paren_roman] chosen=paren_alpha/paragraph parent=section/subptf.sec211_110 alpha_last=b roman_last=None diff=1 gap=None score=95
marker ambiguity resolved at line=162 raw='(d)' matched=[paren_alpha,paren_roman] chosen=paren_alpha/paragraph parent=section/subptf.sec211_110 alpha_last=c roman_last=None diff=1 gap=None score=95
marker ambiguity resolved at line=175 raw='(c)' matched=[paren_alpha,paren_roman] chosen=paren_alpha/paragraph parent=section/subptg.sec211_122 alpha_last=b roman_last=None diff=1 gap=None score=95
marker ambiguity resolved at line=176 raw='(d)' matched=[paren_alpha,paren_roman] chosen=paren_alpha/paragraph parent=section/subptg.sec211_122 alpha_last=c roman_last=None diff=1 gap=None score=95
marker ambiguity resolved at line=188 raw='(c)' matched=[paren_alpha,paren_roman] chosen=paren_alpha/paragraph parent=section/subptg.sec211_125 alpha_last=b roman_last=None diff=1 gap=None score=95
marker ambiguity resolved at line=189 raw='(d)' matched=[paren_alpha,paren_roman] chosen=paren_alpha/paragraph parent=section/subptg.sec211_125 alpha_last=c roman_last=None diff=1 gap=None score=95
marker ambiguity resolved at line=196 raw='(c)' matched=[paren_alpha,paren_roman] chosen=paren_alpha/paragraph parent=section/subptg.sec211_130 alpha_last=b roman_last=None diff=1 gap=None score=95
marker ambiguity resolved at line=197 raw='(d)' matched=[paren_alpha,paren_roman] chosen=paren_alpha/paragraph parent=section/subptg.sec211_130 alpha_last=c roman_last=None diff=1 gap=None score=95
marker ambiguity resolved at line=204 raw='(c)' matched=[paren_alpha,paren_roman] chosen=paren_alpha/paragraph parent=section/subptg.sec211_132 alpha_last=b roman_last=None diff=1 gap=None score=90
marker ambiguity resolved at line=206 raw='(i)' matched=[paren_alpha,paren_roman] chosen=paren_roman/subitem parent=item/subptg.sec211_132.pc.i1 alpha_last=None roman_last=None diff=None gap=None score=0
marker ambiguity resolved at line=210 raw='(d)' matched=[paren_alpha,paren_roman] chosen=paren_alpha/paragraph parent=section/subptg.sec211_132 alpha_last=c roman_last=None diff=1 gap=None score=90
marker ambiguity resolved at line=220 raw='(c)' matched=[paren_alpha,paren_roman] chosen=paren_alpha/paragraph parent=section/subptg.sec211_134 alpha_last=b roman_last=None diff=1 gap=None score=95
marker ambiguity resolved at line=224 raw='(c)' matched=[paren_alpha,paren_roman] chosen=paren_alpha/paragraph parent=section/subptg.sec211_137 alpha_last=b roman_last=None diff=1 gap=None score=95
marker ambiguity resolved at line=225 raw='(d)' matched=[paren_alpha,paren_roman] chosen=paren_alpha/paragraph parent=section/subptg.sec211_137 alpha_last=c roman_last=None diff=1 gap=None score=95
marker ambiguity resolved at line=250 raw='(c)' matched=[paren_alpha,paren_roman] chosen=paren_alpha/paragraph parent=section/subpti.sec211_165 alpha_last=b roman_last=None diff=1 gap=None score=95
marker ambiguity resolved at line=251 raw='(d)' matched=[paren_alpha,paren_roman] chosen=paren_alpha/paragraph parent=section/subpti.sec211_165 alpha_last=c roman_last=None diff=1 gap=None score=95
marker ambiguity resolved at line=262 raw='(c)' matched=[paren_alpha,paren_roman] chosen=paren_alpha/paragraph parent=section/subpti.sec211_166 alpha_last=b roman_last=None diff=1 gap=None score=95
marker ambiguity resolved at line=265 raw='(d)' matched=[paren_alpha,paren_roman] chosen=paren_alpha/paragraph parent=section/subpti.sec211_166 alpha_last=c roman_last=None diff=1 gap=None score=90
marker ambiguity resolved at line=269 raw='(c)' matched=[paren_alpha,paren_roman] chosen=paren_alpha/paragraph parent=section/subpti.sec211_167 alpha_last=b roman_last=None diff=1 gap=None score=95
marker ambiguity resolved at line=274 raw='(i)' matched=[paren_alpha,paren_roman] chosen=paren_roman/subitem parent=item/subpti.sec211_170.pa.i2 alpha_last=None roman_last=None diff=None gap=None score=0
marker ambiguity resolved at line=280 raw='(i)' matched=[paren_alpha,paren_roman] chosen=paren_roman/subitem parent=item/subpti.sec211_170.pb.i2 alpha_last=None roman_last=None diff=None gap=None score=0
marker ambiguity resolved at line=291 raw='(c)' matched=[paren_alpha,paren_roman] chosen=paren_alpha/paragraph parent=section/subptj.sec211_180 alpha_last=b roman_last=None diff=1 gap=None score=95
marker ambiguity resolved at line=292 raw='(d)' matched=[paren_alpha,paren_roman] chosen=paren_alpha/paragraph parent=section/subptj.sec211_180 alpha_last=c roman_last=None diff=1 gap=None score=95
marker ambiguity resolved at line=303 raw='(c)' matched=[paren_alpha,paren_roman] chosen=paren_alpha/paragraph parent=section/subptj.sec211_184 alpha_last=b roman_last=None diff=1 gap=None score=95
marker ambiguity resolved at line=304 raw='(d)' matched=[paren_alpha,paren_roman] chosen=paren_alpha/paragraph parent=section/subptj.sec211_184 alpha_last=c roman_last=None diff=1 gap=None score=95
marker ambiguity resolved at line=348 raw='(c)' matched=[paren_alpha,paren_roman] chosen=paren_alpha/paragraph parent=section/subptj.sec211_194 alpha_last=b roman_last=None diff=1 gap=None score=95
marker ambiguity resolved at line=349 raw='(d)' matched=[paren_alpha,paren_roman] chosen=paren_alpha/paragraph parent=section/subptj.sec211_194 alpha_last=c roman_last=None diff=1 gap=None score=95
